0 info it worked if it ends with ok
1 verbose cli [ '/Users/Joshua/.nvm/versions/io.js/v3.3.1/bin/iojs',
1 verbose cli   '/Users/Joshua/.nvm/versions/io.js/v3.3.1/bin/npm',
1 verbose cli   'install' ]
2 info using npm@2.14.3
3 info using node@v3.3.1
4 verbose readDependencies loading dependencies from /Users/Joshua/Documents/Michigan Classes/EECS/EECS498/UBoard/project/package.json
5 error install Couldn't read dependencies
6 verbose stack Error: Invalid version: "1.0"
6 verbose stack     at Object.module.exports.fixVersionField (/Users/Joshua/.nvm/versions/io.js/v3.3.1/lib/node_modules/npm/node_modules/normalize-package-data/lib/fixer.js:186:13)
6 verbose stack     at /Users/Joshua/.nvm/versions/io.js/v3.3.1/lib/node_modules/npm/node_modules/normalize-package-data/lib/normalize.js:32:38
6 verbose stack     at Array.forEach (native)
6 verbose stack     at normalize (/Users/Joshua/.nvm/versions/io.js/v3.3.1/lib/node_modules/npm/node_modules/normalize-package-data/lib/normalize.js:31:15)
6 verbose stack     at final (/Users/Joshua/.nvm/versions/io.js/v3.3.1/lib/node_modules/npm/node_modules/read-package-json/read-json.js:338:5)
6 verbose stack     at then (/Users/Joshua/.nvm/versions/io.js/v3.3.1/lib/node_modules/npm/node_modules/read-package-json/read-json.js:113:5)
6 verbose stack     at /Users/Joshua/.nvm/versions/io.js/v3.3.1/lib/node_modules/npm/node_modules/read-package-json/read-json.js:300:12
6 verbose stack     at FSReqWrap.readFileAfterClose [as oncomplete] (evalmachine.<anonymous>:380:3)
7 verbose cwd /Users/Joshua/Documents/Michigan Classes/EECS/EECS498/UBoard/project
8 error Darwin 16.0.0
9 error argv "/Users/Joshua/.nvm/versions/io.js/v3.3.1/bin/iojs" "/Users/Joshua/.nvm/versions/io.js/v3.3.1/bin/npm" "install"
10 error node v3.3.1
11 error npm  v2.14.3
12 error Invalid version: "1.0"
13 error If you need help, you may report this error at:
13 error     <https://github.com/npm/npm/issues>
14 verbose exit [ 1, true ]
